2026-01-20 18:26:56,832 - INFO - Client authenticated. Scraping 5 channels...
2026-01-20 18:26:56,835 - INFO - Scraping @CheMed123...
2026-01-20 18:26:56,993 - INFO - Starting scrape of @CheMed123 (limit=100)
2026-01-20 18:28:14,093 - INFO - Finished scraping @CheMed123: 76 messages saved
2026-01-20 18:28:17,104 - INFO - Scraping @lobelia4cosmetics...
2026-01-20 18:28:17,264 - INFO - Starting scrape of @lobelia4cosmetics (limit=100)
2026-01-20 18:31:34,694 - INFO - Finished scraping @lobelia4cosmetics: 100 messages saved
2026-01-20 18:31:37,699 - INFO - Scraping @tikvahpharma...
2026-01-20 18:31:37,984 - INFO - Starting scrape of @tikvahpharma (limit=100)
2026-01-20 18:34:36,290 - INFO - Finished scraping @tikvahpharma: 100 messages saved
2026-01-20 18:34:39,298 - INFO - Scraping @tenamereja...
2026-01-20 18:34:39,544 - INFO - Starting scrape of @tenamereja (limit=100)
2026-01-20 18:36:37,522 - INFO - Finished scraping @tenamereja: 100 messages saved
2026-01-20 18:36:40,525 - INFO - Scraping @DoctorsET...
2026-01-20 18:36:40,696 - INFO - Starting scrape of @DoctorsET (limit=100)
2026-01-20 18:38:22,017 - INFO - Finished scraping @DoctorsET: 100 messages saved
2026-01-20 18:39:38,114 - INFO - Client authenticated. Scraping 5 channels...
2026-01-20 18:39:38,117 - INFO - Scraping @CheMed123...
2026-01-20 18:39:38,266 - INFO - Starting scrape of @CheMed123 (limit=100)
2026-01-20 18:40:55,393 - INFO - Finished scraping @CheMed123: 76 messages saved
2026-01-20 18:40:58,397 - INFO - Scraping @lobelia4cosmetics...
2026-01-20 18:40:58,556 - INFO - Starting scrape of @lobelia4cosmetics (limit=100)
2026-01-20 18:42:39,701 - INFO - Finished scraping @lobelia4cosmetics: 100 messages saved
2026-01-20 18:42:42,707 - INFO - Scraping @tikvahpharma...
2026-01-20 18:42:42,876 - INFO - Starting scrape of @tikvahpharma (limit=100)
2026-01-20 18:44:24,393 - INFO - Finished scraping @tikvahpharma: 100 messages saved
2026-01-20 18:44:27,404 - INFO - Scraping @tenamereja...
2026-01-20 18:44:27,729 - INFO - Starting scrape of @tenamereja (limit=100)
2026-01-20 18:46:08,965 - INFO - Finished scraping @tenamereja: 100 messages saved
2026-01-20 18:46:11,974 - INFO - Scraping @DoctorsET...
2026-01-20 18:46:12,129 - INFO - Starting scrape of @DoctorsET (limit=100)
2026-01-20 18:47:53,538 - INFO - Finished scraping @DoctorsET: 100 messages saved
2026-01-20 18:49:46,685 - INFO - Client authenticated. Scraping 5 channels...
2026-01-20 18:49:46,686 - INFO - Scraping @CheMed123...
2026-01-20 18:49:46,831 - INFO - Starting scrape of @CheMed123 (limit=100)
2026-01-20 18:51:03,757 - INFO - Finished scraping @CheMed123: 76 messages saved
2026-01-20 18:51:06,772 - INFO - Scraping @lobelia4cosmetics...
2026-01-20 18:51:07,310 - INFO - Starting scrape of @lobelia4cosmetics (limit=100)
2026-01-20 18:52:49,426 - INFO - Finished scraping @lobelia4cosmetics: 100 messages saved
2026-01-20 18:52:52,431 - INFO - Scraping @tikvahpharma...
2026-01-20 18:52:53,073 - INFO - Starting scrape of @tikvahpharma (limit=100)
2026-01-20 18:54:36,295 - INFO - Finished scraping @tikvahpharma: 100 messages saved
2026-01-20 18:54:39,308 - INFO - Scraping @tenamereja...
2026-01-20 18:54:39,461 - INFO - Starting scrape of @tenamereja (limit=100)
2026-01-20 18:56:21,048 - INFO - Finished scraping @tenamereja: 100 messages saved
2026-01-20 18:56:24,056 - INFO - Scraping @DoctorsET...
2026-01-20 18:56:24,247 - INFO - Starting scrape of @DoctorsET (limit=100)
2026-01-20 18:58:05,668 - INFO - Finished scraping @DoctorsET: 100 messages saved
2026-01-20 19:15:56,352 - INFO - Client authenticated. Scraping 5 channels...
2026-01-20 19:15:56,354 - INFO - Scraping @CheMed123...
2026-01-20 19:15:57,231 - INFO - Starting scrape of @CheMed123 (limit=100)
2026-01-20 19:17:14,635 - INFO - Finished scraping @CheMed123: 76 messages saved
2026-01-20 19:17:17,638 - INFO - Scraping @lobelia4cosmetics...
2026-01-20 19:17:17,806 - INFO - Starting scrape of @lobelia4cosmetics (limit=100)
2026-01-20 19:18:59,367 - INFO - Finished scraping @lobelia4cosmetics: 100 messages saved
2026-01-20 19:19:02,379 - INFO - Scraping @tikvahpharma...
2026-01-20 19:19:02,672 - INFO - Starting scrape of @tikvahpharma (limit=100)
2026-01-20 19:20:44,583 - INFO - Finished scraping @tikvahpharma: 100 messages saved
2026-01-20 19:20:47,592 - INFO - Scraping @tenamereja...
2026-01-20 19:20:47,748 - INFO - Starting scrape of @tenamereja (limit=100)
2026-01-20 19:22:28,952 - INFO - Finished scraping @tenamereja: 100 messages saved
2026-01-20 19:22:31,954 - INFO - Scraping @DoctorsET...
2026-01-20 19:22:32,293 - INFO - Starting scrape of @DoctorsET (limit=100)
2026-01-20 19:24:13,651 - INFO - Finished scraping @DoctorsET: 100 messages saved
