2026-01-16 12:13:13,195 - INFO - Client authenticated. Scraping 5 channels...
2026-01-16 12:13:13,199 - INFO - Scraping @CheMed123...
2026-01-16 12:13:13,442 - INFO - Starting scrape of @CheMed123 (limit=100)
2026-01-16 12:13:31,207 - INFO - Client authenticated. Scraping 5 channels...
2026-01-16 12:13:31,210 - INFO - Scraping @CheMed123...
2026-01-16 12:13:31,632 - INFO - Starting scrape of @CheMed123 (limit=100)
2026-01-16 12:15:49,955 - INFO - Finished scraping @CheMed123: 76 messages saved
2026-01-16 12:15:52,965 - INFO - Scraping @lobelia4cosmetics...
2026-01-16 12:15:53,112 - INFO - Starting scrape of @lobelia4cosmetics (limit=100)
2026-01-16 12:18:39,543 - INFO - Finished scraping @lobelia4cosmetics: 100 messages saved
2026-01-16 12:18:42,559 - INFO - Scraping @tikvahpharma...
2026-01-16 12:18:42,827 - INFO - Starting scrape of @tikvahpharma (limit=100)
2026-01-16 12:20:50,452 - INFO - Finished scraping @tikvahpharma: 100 messages saved
2026-01-16 12:20:53,459 - INFO - Scraping @tenamereja...
2026-01-16 12:20:53,640 - INFO - Starting scrape of @tenamereja (limit=100)
2026-01-16 12:22:56,718 - INFO - Finished scraping @tenamereja: 100 messages saved
2026-01-16 12:22:59,729 - INFO - Scraping @DoctorsET...
2026-01-16 12:23:00,051 - INFO - Starting scrape of @DoctorsET (limit=100)
2026-01-16 12:25:35,102 - INFO - Finished scraping @DoctorsET: 100 messages saved
2026-01-16 12:26:13,786 - INFO - Client authenticated. Scraping 5 channels...
2026-01-16 12:26:13,788 - INFO - Scraping @CheMed123...
2026-01-16 12:26:14,444 - INFO - Starting scrape of @CheMed123 (limit=100)
